Base path: /Applications/Unity/Unity.app/Contents
Pipe name: \\.\pipe\UnityShaderCompiler-1--1600933420
Cmd: getPlatforms
Cmd: compileSnippet
  api=0 type=0 insize=5424 outsize=1081 kw=DIRECTIONAL LIGHTMAP_ON DIRLIGHTMAP_ON ok=1
Cmd: compileSnippet
  api=0 type=1 insize=5424 outsize=1147 kw=DIRECTIONAL LIGHTMAP_ON DIRLIGHTMAP_ON ok=1
Cmd: compileSnippet
  api=0 type=0 insize=2693 outsize=815 kw=DIRECTIONAL_COOKIE ok=1
Cmd: compileSnippet
  api=0 type=1 insize=2693 outsize=831 kw=DIRECTIONAL_COOKIE ok=1
Cmd: compileSnippet
  api=4 type=0 insize=5424 outsize=4012 kw=DIRECTIONAL LIGHTMAP_OFF DIRLIGHTMAP_OFF ok=1
Cmd: compileSnippet
  api=8 type=0 insize=5424 outsize=5834 kw=DIRECTIONAL LIGHTMAP_OFF DIRLIGHTMAP_OFF ok=1
Cmd: compileSnippet
  api=1 type=0 insize=5424 outsize=662 kw=DIRECTIONAL LIGHTMAP_ON DIRLIGHTMAP_ON ok=1
Cmd: compileSnippet
  api=4 type=0 insize=5424 outsize=2932 kw=DIRECTIONAL LIGHTMAP_ON DIRLIGHTMAP_ON ok=1
Cmd: compileSnippet
  api=1 type=0 insize=5424 outsize=1455 kw=DIRECTIONAL LIGHTMAP_OFF DIRLIGHTMAP_OFF VERTEXLIGHT_ON ok=1
Cmd: compileSnippet
  api=8 type=0 insize=5424 outsize=8142 kw=DIRECTIONAL LIGHTMAP_OFF DIRLIGHTMAP_OFF VERTEXLIGHT_ON ok=1
Cmd: compileSnippet
  api=4 type=1 insize=5424 outsize=2639 kw=DIRECTIONAL LIGHTMAP_OFF DIRLIGHTMAP_OFF ok=1
Cmd: compileSnippet
  api=1 type=1 insize=5424 outsize=346 kw=DIRECTIONAL LIGHTMAP_ON DIRLIGHTMAP_OFF ok=1
Cmd: compileSnippet
  api=4 type=1 insize=5424 outsize=1534 kw=DIRECTIONAL LIGHTMAP_ON DIRLIGHTMAP_OFF ok=1
Cmd: compileSnippet
  api=8 type=1 insize=5424 outsize=2283 kw=DIRECTIONAL LIGHTMAP_ON DIRLIGHTMAP_OFF ok=1
Cmd: compileSnippet
  api=8 type=1 insize=5424 outsize=4615 kw=DIRECTIONAL LIGHTMAP_ON DIRLIGHTMAP_ON ok=1
Cmd: compileSnippet
  api=4 type=0 insize=2693 outsize=3053 kw=POINT ok=1
Cmd: compileSnippet
  api=8 type=0 insize=2693 outsize=4363 kw=POINT ok=1
Cmd: compileSnippet
  api=8 type=0 insize=2693 outsize=3307 kw=DIRECTIONAL ok=1
Cmd: compileSnippet
  api=4 type=0 insize=2693 outsize=3053 kw=SPOT ok=1
Cmd: compileSnippet
  api=1 type=0 insize=2693 outsize=405 kw=POINT_COOKIE ok=1
Cmd: compileSnippet
  api=8 type=0 insize=2693 outsize=4363 kw=POINT_COOKIE ok=1
Cmd: compileSnippet
  api=4 type=0 insize=2693 outsize=3029 kw=DIRECTIONAL_COOKIE ok=1
Cmd: compileSnippet
  api=4 type=1 insize=2693 outsize=2558 kw=POINT ok=1
Cmd: compileSnippet
  api=1 type=1 insize=2693 outsize=647 kw=DIRECTIONAL ok=1
Cmd: compileSnippet
  api=4 type=1 insize=2693 outsize=2119 kw=DIRECTIONAL ok=1
Cmd: compileSnippet
  api=1 type=1 insize=2693 outsize=933 kw=SPOT ok=1
Cmd: compileSnippet
  api=4 type=1 insize=2693 outsize=2997 kw=SPOT ok=1
Cmd: compileSnippet
  api=1 type=1 insize=2693 outsize=814 kw=POINT_COOKIE ok=1
Cmd: compileSnippet
  api=4 type=1 insize=2693 outsize=2688 kw=POINT_COOKIE ok=1
Cmd: compileSnippet
  api=1 type=1 insize=2693 outsize=708 kw=DIRECTIONAL_COOKIE ok=1
Cmd: compileSnippet
  api=4 type=1 insize=2693 outsize=2379 kw=DIRECTIONAL_COOKIE ok=1
Cmd: compileSnippet
  api=8 type=1 insize=2693 outsize=3608 kw=DIRECTIONAL_COOKIE ok=1
